<?xml version="1.0" encoding="UTF-8"?>
<testsuite xmlns:xsi="http://www.w3.org/2001/XMLSchema-instance" xsi:noNamespaceSchemaLocation="https://maven.apache.org/surefire/maven-surefire-plugin/xsd/surefire-test-report-3.0.xsd" version="3.0" name="com.legalease.LegalEaseApplicationTests" time="5.493" tests="1" errors="0" skipped="0" failures="0">
  <properties>
[...]
</properties>
  <testcase name="contextLoads" classname="com.legalease.LegalEaseApplicationTests" time="0.538">
    <system-out><![CDATA[13:58:06.043 [main] INFO org.springframework.test.context.support.AnnotationConfigContextLoaderUtils -- Could not detect default configuration classes for test class [com.legalease.LegalEaseApplicationTests]: LegalEaseApplicationTests does not declare any static, non-private, non-final, nested classes annotated with @Configuration.
13:58:06.115 [main] INFO org.springframework.boot.test.context.SpringBootTestContextBootstrapper -- Found @SpringBootConfiguration com.legalease.LegalEaseApplication for test class com.legalease.LegalEaseApplicationTests

  .   ____          _            __ _ _
 /\\ / ___'_ __ _ _(_)_ __  __ _ \ \ \ \
( ( )\___ | '_ | '_| | '_ \/ _` | \ \ \ \
 \\/  ___)| |_)| | | | | || (_| |  ) ) ) )
  '  |____| .__|_| |_|_| |_\__, | / / / /
 =========|_|==============|___/=/_/_/_/
 :: Spring Boot ::                (v3.2.0)

2025-08-28T13:58:06.457+05:30  INFO 14716 --- [           main] c.legalease.LegalEaseApplicationTests    : Starting LegalEaseApplicationTests using Java 21.0.8 with PID 14716 (started by MAYANK BISHT in D:\my projects till today\LegalEase\backend)
2025-08-28T13:58:06.457+05:30 DEBUG 14716 --- [           main] c.legalease.LegalEaseApplicationTests    : Running with Spring Boot v3.2.0, Spring v6.1.1
2025-08-28T13:58:06.458+05:30  INFO 14716 --- [           main] c.legalease.LegalEaseApplicationTests    : No active profile set, falling back to 1 default profile: "default"
2025-08-28T13:58:07.148+05:30  INFO 14716 --- [           main] .s.d.r.c.RepositoryConfigurationDelegate : Bootstrapping Spring Data JPA repositories in DEFAULT mode.
2025-08-28T13:58:07.195+05:30  INFO 14716 --- [           main] .s.d.r.c.RepositoryConfigurationDelegate : Finished Spring Data repository scanning in 42 ms. Found 4 JPA repository interfaces.
2025-08-28T13:58:07.618+05:30  INFO 14716 --- [           main] o.hibernate.jpa.internal.util.LogHelper  : HHH000204: Processing PersistenceUnitInfo [name: default]
2025-08-28T13:58:07.670+05:30  INFO 14716 --- [           main] org.hibernate.Version                    : HHH000412: Hibernate ORM core version 6.3.1.Final
2025-08-28T13:58:07.709+05:30  INFO 14716 --- [           main] o.h.c.internal.RegionFactoryInitiator    : HHH000026: Second-level cache disabled
2025-08-28T13:58:07.948+05:30  INFO 14716 --- [           main] o.s.o.j.p.SpringPersistenceUnitInfo      : No LoadTimeWeaver setup: ignoring JPA class transformer
2025-08-28T13:58:07.970+05:30  INFO 14716 --- [           main] com.zaxxer.hikari.HikariDataSource       : HikariPool-1 - Starting...
2025-08-28T13:58:08.572+05:30  INFO 14716 --- [           main] com.zaxxer.hikari.pool.HikariPool        : HikariPool-1 - Added connection org.postgresql.jdbc.PgConnection@5ab5924c
2025-08-28T13:58:08.574+05:30  INFO 14716 --- [           main] com.zaxxer.hikari.HikariDataSource       : HikariPool-1 - Start completed.
2025-08-28T13:58:08.790+05:30  WARN 14716 --- [           main] org.hibernate.orm.deprecation            : HHH90000025: PostgreSQLDialect does not need to be specified explicitly using 'hibernate.dialect' (remove the property setting and it will be selected by default)
2025-08-28T13:58:09.496+05:30  INFO 14716 --- [           main] o.h.e.t.j.p.i.JtaPlatformInitiator       : HHH000489: No JTA platform available (set 'hibernate.transaction.jta.platform' to enable JTA platform integration)
Hibernate: alter table if exists clients drop constraint if exists FKtiuqdledq2lybrds2k3rfqrv4
Hibernate: alter table if exists consultations drop constraint if exists FKsu24yk8eaqmy9v72r5uu9pvx6
Hibernate: alter table if exists consultations drop constraint if exists FKn99oyqx9dnthwjx89l99bkdlx
Hibernate: alter table if exists lawyers drop constraint if exists FKpc5b80rlq70mk9aqjj914hg13
Hibernate: drop table if exists clients cascade
Hibernate: drop table if exists consultations cascade
Hibernate: drop table if exists lawyers cascade
Hibernate: drop table if exists users cascade
Hibernate: create table clients (id uuid not null, user_id uuid not null unique, address varchar(255) not null, phone varchar(255) not null, primary key (id))
Hibernate: create table consultations (scheduled_at timestamp(6) not null, client_id uuid not null, id uuid not null, lawyer_id uuid not null, status varchar(255) not null check (status in ('PENDING','CONFIRMED','REJECTED','COMPLETED')), primary key (id))
Hibernate: create table lawyers (hourly_rate numeric(10,2) not null, verified boolean not null, id uuid not null, user_id uuid not null unique, experience varchar(255) not null, specialization varchar(255) not null, primary key (id))
Hibernate: create table users (created_at timestamp(6) not null, id uuid not null, email varchar(255) not null unique, name varchar(255) not null, password varchar(255) not null, role varchar(255) not null check (role in ('CLIENT','LAWYER','ADMIN')), primary key (id))
Hibernate: alter table if exists clients add constraint FKtiuqdledq2lybrds2k3rfqrv4 foreign key (user_id) references users
Hibernate: alter table if exists consultations add constraint FKsu24yk8eaqmy9v72r5uu9pvx6 foreign key (client_id) references users
Hibernate: alter table if exists consultations add constraint FKn99oyqx9dnthwjx89l99bkdlx foreign key (lawyer_id) references users
Hibernate: alter table if exists lawyers add constraint FKpc5b80rlq70mk9aqjj914hg13 foreign key (user_id) references users
2025-08-28T13:58:09.838+05:30  INFO 14716 --- [           main] j.LocalContainerEntityManagerFactoryBean : Initialized JPA EntityManagerFactory for persistence unit 'default'
2025-08-28T13:58:10.301+05:30  WARN 14716 --- [           main] JpaBaseConfiguration$JpaWebConfiguration : spring.jpa.open-in-view is enabled by default. Therefore, database queries may be performed during view rendering. Explicitly configure spring.jpa.open-in-view to disable this warning
2025-08-28T13:58:10.537+05:30  INFO 14716 --- [           main] o.s.s.web.DefaultSecurityFilterChain     : Will secure any request with [org.springframework.security.web.session.DisableEncodeUrlFilter@4fae4c3b, org.springframework.security.web.context.request.async.WebAsyncManagerIntegrationFilter@2222cd2c, org.springframework.security.web.context.SecurityContextHolderFilter@4f1aa2bc, org.springframework.security.web.header.HeaderWriterFilter@795e8ef5, org.springframework.web.filter.CorsFilter@4cddc3d9, org.springframework.security.web.authentication.logout.LogoutFilter@192aeae2, com.legalease.security.JwtAuthenticationFilter@7cb38a6a, org.springframework.security.web.savedrequest.RequestCacheAwareFilter@5d03df76, org.springframework.security.web.servletapi.SecurityContextHolderAwareRequestFilter@17f7a1af, org.springframework.security.web.authentication.AnonymousAuthenticationFilter@3d2b8e, org.springframework.security.web.session.SessionManagementFilter@294ebdae, org.springframework.security.web.access.ExceptionTranslationFilter@332610ad, org.springframework.security.web.access.intercept.AuthorizationFilter@20e9b10b]
2025-08-28T13:58:10.800+05:30  INFO 14716 --- [           main] c.legalease.LegalEaseApplicationTests    : Started LegalEaseApplicationTests in 4.576 seconds (process running for 5.597)
]]></system-out>
    <system-err><![CDATA[WARNING: A Java agent has been loaded dynamically (C:\Users\MAYANK BISHT\.m2\repository\net\bytebuddy\byte-buddy-agent\1.14.10\byte-buddy-agent-1.14.10.jar)
WARNING: If a serviceability tool is in use, please run with -XX:+EnableDynamicAgentLoading to hide this warning
WARNING: If a serviceability tool is not in use, please run with -Djdk.instrument.traceUsage for more information
WARNING: Dynamic loading of agents will be disallowed by default in a future release
]]></system-err>
  </testcase>
</testsuite>